mode: set
github.com/praetorian-inc/vespasian/pkg/http/client.go:33.46,41.2 1 1
github.com/praetorian-inc/vespasian/pkg/http/client.go:44.74,47.54 2 1
github.com/praetorian-inc/vespasian/pkg/http/client.go:47.54,49.23 1 1
github.com/praetorian-inc/vespasian/pkg/http/client.go:49.23,51.4 1 1
github.com/praetorian-inc/vespasian/pkg/http/client.go:53.3,54.17 2 1
github.com/praetorian-inc/vespasian/pkg/http/client.go:54.17,56.4 1 0
github.com/praetorian-inc/vespasian/pkg/http/client.go:58.3,61.17 3 1
github.com/praetorian-inc/vespasian/pkg/http/client.go:61.17,63.32 2 1
github.com/praetorian-inc/vespasian/pkg/http/client.go:63.32,65.13 2 0
github.com/praetorian-inc/vespasian/pkg/http/client.go:67.4,67.89 1 1
github.com/praetorian-inc/vespasian/pkg/http/client.go:71.3,74.17 3 1
github.com/praetorian-inc/vespasian/pkg/http/client.go:74.17,76.4 1 0
github.com/praetorian-inc/vespasian/pkg/http/client.go:79.3,79.57 1 1
github.com/praetorian-inc/vespasian/pkg/http/client.go:79.57,82.12 3 1
github.com/praetorian-inc/vespasian/pkg/http/client.go:85.3,89.9 1 1
github.com/praetorian-inc/vespasian/pkg/http/client.go:92.2,92.21 1 0
github.com/praetorian-inc/vespasian/pkg/http/ratelimit.go:16.61,19.15 2 1
github.com/praetorian-inc/vespasian/pkg/http/ratelimit.go:19.15,21.3 1 1
github.com/praetorian-inc/vespasian/pkg/http/ratelimit.go:23.2,25.3 1 1
github.com/praetorian-inc/vespasian/pkg/http/ratelimit.go:29.55,30.44 1 1
github.com/praetorian-inc/vespasian/pkg/http/ratelimit.go:30.44,32.3 1 1
github.com/praetorian-inc/vespasian/pkg/http/ratelimit.go:33.2,33.12 1 1
github.com/praetorian-inc/vespasian/pkg/config/config.go:32.41,34.16 2 1
github.com/praetorian-inc/vespasian/pkg/config/config.go:34.16,36.3 1 1
github.com/praetorian-inc/vespasian/pkg/config/config.go:38.2,39.51 2 1
github.com/praetorian-inc/vespasian/pkg/config/config.go:39.51,41.3 1 1
github.com/praetorian-inc/vespasian/pkg/config/config.go:43.2,43.18 1 1
github.com/praetorian-inc/vespasian/pkg/crawler/crawler.go:26.49,37.2 1 1
github.com/praetorian-inc/vespasian/pkg/crawler/crawler.go:40.95,51.59 4 1
github.com/praetorian-inc/vespasian/pkg/crawler/crawler.go:51.59,58.41 3 1
github.com/praetorian-inc/vespasian/pkg/crawler/crawler.go:58.41,59.12 1 1
github.com/praetorian-inc/vespasian/pkg/crawler/crawler.go:63.3,63.23 1 1
github.com/praetorian-inc/vespasian/pkg/crawler/crawler.go:63.23,65.4 1 0
github.com/praetorian-inc/vespasian/pkg/crawler/crawler.go:68.3,69.17 2 1
github.com/praetorian-inc/vespasian/pkg/crawler/crawler.go:69.17,70.12 1 0
github.com/praetorian-inc/vespasian/pkg/crawler/crawler.go:74.3,78.17 3 1
github.com/praetorian-inc/vespasian/pkg/crawler/crawler.go:78.17,79.12 1 0
github.com/praetorian-inc/vespasian/pkg/crawler/crawler.go:83.3,83.30 1 1
github.com/praetorian-inc/vespasian/pkg/crawler/crawler.go:83.30,84.27 1 1
github.com/praetorian-inc/vespasian/pkg/crawler/crawler.go:84.27,86.25 2 1
github.com/praetorian-inc/vespasian/pkg/crawler/crawler.go:86.25,93.6 2 1
github.com/praetorian-inc/vespasian/pkg/crawler/crawler.go:94.5,94.18 1 1
github.com/praetorian-inc/vespasian/pkg/crawler/crawler.go:99.2,99.23 1 1
github.com/praetorian-inc/vespasian/pkg/crawler/crawler.go:103.46,107.2 3 0
github.com/praetorian-inc/vespasian/pkg/crawler/crawler.go:110.38,114.2 3 0
github.com/praetorian-inc/vespasian/pkg/crawler/parser.go:15.26,17.2 1 1
github.com/praetorian-inc/vespasian/pkg/crawler/parser.go:20.78,22.16 2 1
github.com/praetorian-inc/vespasian/pkg/crawler/parser.go:22.16,24.3 1 0
github.com/praetorian-inc/vespasian/pkg/crawler/parser.go:26.2,27.16 2 1
github.com/praetorian-inc/vespasian/pkg/crawler/parser.go:27.16,29.3 1 0
github.com/praetorian-inc/vespasian/pkg/crawler/parser.go:31.2,35.35 4 1
github.com/praetorian-inc/vespasian/pkg/crawler/parser.go:35.35,36.33 1 1
github.com/praetorian-inc/vespasian/pkg/crawler/parser.go:36.33,39.18 2 1
github.com/praetorian-inc/vespasian/pkg/crawler/parser.go:40.13,41.30 1 1
github.com/praetorian-inc/vespasian/pkg/crawler/parser.go:42.25,43.29 1 1
github.com/praetorian-inc/vespasian/pkg/crawler/parser.go:44.16,45.32 1 1
github.com/praetorian-inc/vespasian/pkg/crawler/parser.go:48.4,48.66 1 1
github.com/praetorian-inc/vespasian/pkg/crawler/parser.go:48.66,51.38 2 1
github.com/praetorian-inc/vespasian/pkg/crawler/parser.go:51.38,54.6 2 1
github.com/praetorian-inc/vespasian/pkg/crawler/parser.go:58.3,58.54 1 1
github.com/praetorian-inc/vespasian/pkg/crawler/parser.go:58.54,60.4 1 1
github.com/praetorian-inc/vespasian/pkg/crawler/parser.go:63.2,64.19 2 1
github.com/praetorian-inc/vespasian/pkg/crawler/parser.go:68.47,69.30 1 1
github.com/praetorian-inc/vespasian/pkg/crawler/parser.go:69.30,70.22 1 1
github.com/praetorian-inc/vespasian/pkg/crawler/parser.go:70.22,72.4 1 1
github.com/praetorian-inc/vespasian/pkg/crawler/parser.go:74.2,74.11 1 0
github.com/praetorian-inc/vespasian/pkg/crawler/parser.go:78.61,79.16 1 1
github.com/praetorian-inc/vespasian/pkg/crawler/parser.go:79.16,81.3 1 0
github.com/praetorian-inc/vespasian/pkg/crawler/parser.go:83.2,84.16 2 1
github.com/praetorian-inc/vespasian/pkg/crawler/parser.go:84.16,86.3 1 1
github.com/praetorian-inc/vespasian/pkg/crawler/parser.go:89.2,92.31 3 1
github.com/praetorian-inc/vespasian/pkg/crawler/probe.go:12.13,13.86 1 1
github.com/praetorian-inc/vespasian/pkg/crawler/probe.go:13.86,17.42 3 0
github.com/praetorian-inc/vespasian/pkg/crawler/probe.go:17.42,19.4 1 0
github.com/praetorian-inc/vespasian/pkg/crawler/probe.go:20.3,20.42 1 0
github.com/praetorian-inc/vespasian/pkg/crawler/probe.go:20.42,22.4 1 0
github.com/praetorian-inc/vespasian/pkg/crawler/probe.go:24.3,27.10 1 0
github.com/praetorian-inc/vespasian/pkg/crawler/probe.go:38.59,43.2 1 1
github.com/praetorian-inc/vespasian/pkg/crawler/probe.go:46.38,48.2 1 1
github.com/praetorian-inc/vespasian/pkg/crawler/probe.go:51.56,53.2 1 1
github.com/praetorian-inc/vespasian/pkg/crawler/probe.go:56.39,58.2 1 1
github.com/praetorian-inc/vespasian/pkg/crawler/probe.go:61.59,63.21 1 1
github.com/praetorian-inc/vespasian/pkg/crawler/probe.go:64.27,65.14 1 1
github.com/praetorian-inc/vespasian/pkg/crawler/probe.go:66.10,67.15 1 1
github.com/praetorian-inc/vespasian/pkg/crawler/probe.go:72.126,75.16 2 1
github.com/praetorian-inc/vespasian/pkg/crawler/probe.go:75.16,81.3 1 0
github.com/praetorian-inc/vespasian/pkg/crawler/probe.go:84.2,85.16 2 1
github.com/praetorian-inc/vespasian/pkg/crawler/probe.go:85.16,91.3 1 0
github.com/praetorian-inc/vespasian/pkg/crawler/probe.go:94.2,95.16 2 1
github.com/praetorian-inc/vespasian/pkg/crawler/probe.go:95.16,101.3 1 0
github.com/praetorian-inc/vespasian/pkg/crawler/probe.go:104.2,105.25 2 1
github.com/praetorian-inc/vespasian/pkg/crawler/probe.go:105.25,107.17 2 1
github.com/praetorian-inc/vespasian/pkg/crawler/probe.go:107.17,108.12 1 0
github.com/praetorian-inc/vespasian/pkg/crawler/probe.go:110.3,113.5 1 1
github.com/praetorian-inc/vespasian/pkg/crawler/probe.go:116.2,120.8 1 1
github.com/praetorian-inc/vespasian/pkg/crawler/probe.go:124.57,126.167 1 1
github.com/praetorian-inc/vespasian/pkg/crawler/probe.go:126.167,128.3 1 1
github.com/praetorian-inc/vespasian/pkg/crawler/probe.go:130.2,131.47 2 0
github.com/praetorian-inc/vespasian/pkg/crawler/probe.go:131.47,133.3 1 0
github.com/praetorian-inc/vespasian/pkg/crawler/probe.go:135.2,135.57 1 0
github.com/praetorian-inc/vespasian/pkg/crawler/scope.go:14.47,16.16 2 1
github.com/praetorian-inc/vespasian/pkg/crawler/scope.go:16.16,18.3 1 0
github.com/praetorian-inc/vespasian/pkg/crawler/scope.go:20.2,22.8 1 1
github.com/praetorian-inc/vespasian/pkg/crawler/scope.go:26.48,28.16 2 1
github.com/praetorian-inc/vespasian/pkg/crawler/scope.go:28.16,30.3 1 0
github.com/praetorian-inc/vespasian/pkg/crawler/scope.go:33.2,33.39 1 1
github.com/praetorian-inc/vespasian/pkg/crawler/scope.go:33.39,35.3 1 0
github.com/praetorian-inc/vespasian/pkg/crawler/scope.go:38.2,38.35 1 1
github.com/praetorian-inc/vespasian/pkg/crawler/scope.go:38.35,40.3 1 0
github.com/praetorian-inc/vespasian/pkg/crawler/scope.go:43.2,43.53 1 1
github.com/praetorian-inc/vespasian/pkg/crawler/scope.go:43.53,45.3 1 0
github.com/praetorian-inc/vespasian/pkg/crawler/scope.go:47.2,47.13 1 1
github.com/praetorian-inc/vespasian/pkg/probes/probe.go:18.40,20.2 1 1
github.com/praetorian-inc/vespasian/pkg/registry/registry.go:29.43,34.2 1 1
github.com/praetorian-inc/vespasian/pkg/registry/registry.go:38.78,42.2 3 1
github.com/praetorian-inc/vespasian/pkg/registry/registry.go:45.66,50.9 4 1
github.com/praetorian-inc/vespasian/pkg/registry/registry.go:50.9,53.3 2 1
github.com/praetorian-inc/vespasian/pkg/registry/registry.go:55.2,55.21 1 1
github.com/praetorian-inc/vespasian/pkg/registry/registry.go:59.39,64.32 4 1
github.com/praetorian-inc/vespasian/pkg/registry/registry.go:64.32,66.3 1 1
github.com/praetorian-inc/vespasian/pkg/registry/registry.go:67.2,68.14 2 1
github.com/praetorian-inc/vespasian/pkg/registry/registry.go:72.45,77.2 4 1
github.com/praetorian-inc/vespasian/pkg/registry/registry.go:80.35,84.2 3 1
github.com/praetorian-inc/vespasian/pkg/registry/registry.go:87.37,89.2 1 0
github.com/praetorian-inc/vespasian/pkg/protocols/grpc/probe.go:10.13,11.83 1 1
github.com/praetorian-inc/vespasian/pkg/protocols/grpc/probe.go:11.83,13.3 1 0
github.com/praetorian-inc/vespasian/pkg/protocols/grpc/probe.go:20.32,22.2 1 1
github.com/praetorian-inc/vespasian/pkg/protocols/grpc/probe.go:25.35,27.2 1 1
github.com/praetorian-inc/vespasian/pkg/protocols/grpc/probe.go:30.53,32.2 1 1
github.com/praetorian-inc/vespasian/pkg/protocols/grpc/probe.go:35.36,37.2 1 1
github.com/praetorian-inc/vespasian/pkg/protocols/grpc/probe.go:40.56,42.21 1 1
github.com/praetorian-inc/vespasian/pkg/protocols/grpc/probe.go:43.36,44.14 1 1
github.com/praetorian-inc/vespasian/pkg/protocols/grpc/probe.go:45.10,46.15 1 1
github.com/praetorian-inc/vespasian/pkg/protocols/grpc/probe.go:51.123,59.2 1 1
github.com/praetorian-inc/vespasian/pkg/protocols/grpc/reflection.go:32.68,34.16 2 0
github.com/praetorian-inc/vespasian/pkg/protocols/grpc/reflection.go:34.16,36.3 1 0
github.com/praetorian-inc/vespasian/pkg/protocols/grpc/reflection.go:38.2,43.8 2 0
github.com/praetorian-inc/vespasian/pkg/protocols/grpc/reflection.go:47.42,48.19 1 0
github.com/praetorian-inc/vespasian/pkg/protocols/grpc/reflection.go:48.19,50.3 1 0
github.com/praetorian-inc/vespasian/pkg/protocols/grpc/reflection.go:51.2,51.12 1 0
github.com/praetorian-inc/vespasian/pkg/protocols/grpc/reflection.go:55.80,57.16 2 0
github.com/praetorian-inc/vespasian/pkg/protocols/grpc/reflection.go:57.16,59.3 1 0
github.com/praetorian-inc/vespasian/pkg/protocols/grpc/reflection.go:61.2,67.41 2 0
github.com/praetorian-inc/vespasian/pkg/protocols/grpc/reflection.go:67.41,69.3 1 0
github.com/praetorian-inc/vespasian/pkg/protocols/grpc/reflection.go:71.2,72.16 2 0
github.com/praetorian-inc/vespasian/pkg/protocols/grpc/reflection.go:72.16,74.3 1 0
github.com/praetorian-inc/vespasian/pkg/protocols/grpc/reflection.go:76.2,77.21 2 0
github.com/praetorian-inc/vespasian/pkg/protocols/grpc/reflection.go:77.21,79.3 1 0
github.com/praetorian-inc/vespasian/pkg/protocols/grpc/reflection.go:81.2,82.39 2 0
github.com/praetorian-inc/vespasian/pkg/protocols/grpc/reflection.go:82.39,84.3 1 0
github.com/praetorian-inc/vespasian/pkg/protocols/grpc/reflection.go:86.2,86.22 1 0
github.com/praetorian-inc/vespasian/pkg/protocols/grpc/reflection.go:90.106,97.2 1 0
github.com/praetorian-inc/vespasian/pkg/protocols/websocket/probe.go:14.13,15.88 1 1
github.com/praetorian-inc/vespasian/pkg/protocols/websocket/probe.go:15.88,17.3 1 0
github.com/praetorian-inc/vespasian/pkg/protocols/websocket/probe.go:26.42,38.2 1 1
github.com/praetorian-inc/vespasian/pkg/protocols/websocket/probe.go:41.40,43.2 1 1
github.com/praetorian-inc/vespasian/pkg/protocols/websocket/probe.go:46.58,48.2 1 1
github.com/praetorian-inc/vespasian/pkg/protocols/websocket/probe.go:51.41,53.2 1 1
github.com/praetorian-inc/vespasian/pkg/protocols/websocket/probe.go:56.61,58.21 1 1
github.com/praetorian-inc/vespasian/pkg/protocols/websocket/probe.go:59.39,60.14 1 1
github.com/praetorian-inc/vespasian/pkg/protocols/websocket/probe.go:61.10,62.15 1 1
github.com/praetorian-inc/vespasian/pkg/protocols/websocket/probe.go:67.128,69.16 2 1
github.com/praetorian-inc/vespasian/pkg/protocols/websocket/probe.go:69.16,75.3 1 0
github.com/praetorian-inc/vespasian/pkg/protocols/websocket/probe.go:77.2,80.37 2 1
github.com/praetorian-inc/vespasian/pkg/protocols/websocket/probe.go:80.37,87.35 4 1
github.com/praetorian-inc/vespasian/pkg/protocols/websocket/probe.go:87.35,92.4 1 1
github.com/praetorian-inc/vespasian/pkg/protocols/websocket/probe.go:95.2,101.8 2 1
github.com/praetorian-inc/vespasian/pkg/protocols/websocket/probe.go:105.65,111.16 3 1
github.com/praetorian-inc/vespasian/pkg/protocols/websocket/probe.go:111.16,115.3 1 1
github.com/praetorian-inc/vespasian/pkg/protocols/websocket/probe.go:117.2,117.17 1 1
github.com/praetorian-inc/vespasian/pkg/protocols/websocket/probe.go:117.17,120.3 2 1
github.com/praetorian-inc/vespasian/pkg/protocols/websocket/probe.go:122.2,122.14 1 0
github.com/praetorian-inc/vespasian/pkg/protocols/websocket/probe.go:126.57,128.55 1 1
github.com/praetorian-inc/vespasian/pkg/protocols/websocket/probe.go:128.55,129.58 1 1
github.com/praetorian-inc/vespasian/pkg/protocols/websocket/probe.go:129.58,131.4 1 1
github.com/praetorian-inc/vespasian/pkg/protocols/websocket/probe.go:134.2,135.47 2 0
github.com/praetorian-inc/vespasian/pkg/protocols/websocket/probe.go:135.47,137.3 1 0
github.com/praetorian-inc/vespasian/pkg/protocols/websocket/probe.go:139.2,139.73 1 0
github.com/praetorian-inc/vespasian/pkg/spec/wsdl/parser.go:44.26,46.2 1 1
github.com/praetorian-inc/vespasian/pkg/spec/wsdl/parser.go:49.63,51.51 2 1
github.com/praetorian-inc/vespasian/pkg/spec/wsdl/parser.go:51.51,53.3 1 0
github.com/praetorian-inc/vespasian/pkg/spec/wsdl/parser.go:56.2,56.42 1 1
github.com/praetorian-inc/vespasian/pkg/spec/wsdl/parser.go:56.42,58.3 1 1
github.com/praetorian-inc/vespasian/pkg/spec/wsdl/parser.go:60.2,60.19 1 1
github.com/praetorian-inc/vespasian/pkg/spec/wsdl/probe.go:14.13,15.83 1 1
github.com/praetorian-inc/vespasian/pkg/spec/wsdl/probe.go:15.83,19.48 2 0
github.com/praetorian-inc/vespasian/pkg/spec/wsdl/probe.go:19.48,21.4 1 0
github.com/praetorian-inc/vespasian/pkg/spec/wsdl/probe.go:23.3,23.35 1 0
github.com/praetorian-inc/vespasian/pkg/spec/wsdl/probe.go:35.51,47.2 1 1
github.com/praetorian-inc/vespasian/pkg/spec/wsdl/probe.go:50.35,52.2 1 1
github.com/praetorian-inc/vespasian/pkg/spec/wsdl/probe.go:55.53,57.2 1 1
github.com/praetorian-inc/vespasian/pkg/spec/wsdl/probe.go:60.36,62.2 1 1
github.com/praetorian-inc/vespasian/pkg/spec/wsdl/probe.go:65.56,67.21 1 1
github.com/praetorian-inc/vespasian/pkg/spec/wsdl/probe.go:68.39,69.14 1 1
github.com/praetorian-inc/vespasian/pkg/spec/wsdl/probe.go:70.10,71.15 1 1
github.com/praetorian-inc/vespasian/pkg/spec/wsdl/probe.go:76.123,78.16 2 1
github.com/praetorian-inc/vespasian/pkg/spec/wsdl/probe.go:78.16,84.3 1 0
github.com/praetorian-inc/vespasian/pkg/spec/wsdl/probe.go:87.2,90.31 3 1
github.com/praetorian-inc/vespasian/pkg/spec/wsdl/probe.go:90.31,93.17 3 1
github.com/praetorian-inc/vespasian/pkg/spec/wsdl/probe.go:93.17,94.12 1 0
github.com/praetorian-inc/vespasian/pkg/spec/wsdl/probe.go:97.3,97.39 1 1
github.com/praetorian-inc/vespasian/pkg/spec/wsdl/probe.go:97.39,100.18 3 1
github.com/praetorian-inc/vespasian/pkg/spec/wsdl/probe.go:100.18,101.13 1 0
github.com/praetorian-inc/vespasian/pkg/spec/wsdl/probe.go:105.4,105.20 1 1
github.com/praetorian-inc/vespasian/pkg/spec/wsdl/probe.go:105.20,108.10 3 1
github.com/praetorian-inc/vespasian/pkg/spec/wsdl/probe.go:110.9,112.4 1 1
github.com/praetorian-inc/vespasian/pkg/spec/wsdl/probe.go:115.2,115.21 1 1
github.com/praetorian-inc/vespasian/pkg/spec/wsdl/probe.go:115.21,121.3 1 0
github.com/praetorian-inc/vespasian/pkg/spec/wsdl/probe.go:124.2,125.16 2 1
github.com/praetorian-inc/vespasian/pkg/spec/wsdl/probe.go:125.16,131.3 1 0
github.com/praetorian-inc/vespasian/pkg/spec/wsdl/probe.go:134.2,135.37 2 1
github.com/praetorian-inc/vespasian/pkg/spec/wsdl/probe.go:135.37,140.3 1 1
github.com/praetorian-inc/vespasian/pkg/spec/wsdl/probe.go:142.2,146.8 1 1
github.com/praetorian-inc/vespasian/pkg/spec/wsdl/probe.go:150.31,156.2 2 1
github.com/praetorian-inc/vespasian/pkg/spec/wsdl/probe.go:159.38,162.2 1 1
github.com/praetorian-inc/vespasian/pkg/spec/wsdl/probe.go:164.43,165.43 1 1
github.com/praetorian-inc/vespasian/pkg/spec/wsdl/probe.go:165.43,166.35 1 1
github.com/praetorian-inc/vespasian/pkg/spec/wsdl/probe.go:166.35,168.4 1 1
github.com/praetorian-inc/vespasian/pkg/spec/wsdl/probe.go:170.2,170.14 1 1
github.com/praetorian-inc/vespasian/pkg/spec/wsdl/probe.go:174.57,176.55 1 1
github.com/praetorian-inc/vespasian/pkg/spec/wsdl/probe.go:176.55,177.58 1 1
github.com/praetorian-inc/vespasian/pkg/spec/wsdl/probe.go:177.58,179.4 1 1
github.com/praetorian-inc/vespasian/pkg/spec/wsdl/probe.go:182.2,183.47 2 0
github.com/praetorian-inc/vespasian/pkg/spec/wsdl/probe.go:183.47,185.3 1 0
github.com/praetorian-inc/vespasian/pkg/spec/wsdl/probe.go:187.2,187.73 1 0
github.com/praetorian-inc/vespasian/pkg/js/parser.go:22.26,37.2 1 1
github.com/praetorian-inc/vespasian/pkg/js/parser.go:40.63,52.31 7 1
github.com/praetorian-inc/vespasian/pkg/js/parser.go:52.31,56.17 4 1
github.com/praetorian-inc/vespasian/pkg/js/parser.go:56.17,68.4 3 1
github.com/praetorian-inc/vespasian/pkg/js/parser.go:73.2,75.31 3 1
github.com/praetorian-inc/vespasian/pkg/js/parser.go:75.31,82.17 6 1
github.com/praetorian-inc/vespasian/pkg/js/parser.go:82.17,87.4 3 1
github.com/praetorian-inc/vespasian/pkg/js/parser.go:88.3,89.17 2 1
github.com/praetorian-inc/vespasian/pkg/js/parser.go:89.17,101.4 3 1
github.com/praetorian-inc/vespasian/pkg/js/parser.go:105.2,107.31 3 1
github.com/praetorian-inc/vespasian/pkg/js/parser.go:107.31,111.17 4 1
github.com/praetorian-inc/vespasian/pkg/js/parser.go:111.17,123.4 3 1
github.com/praetorian-inc/vespasian/pkg/js/parser.go:127.2,129.31 3 1
github.com/praetorian-inc/vespasian/pkg/js/parser.go:129.31,133.17 4 1
github.com/praetorian-inc/vespasian/pkg/js/parser.go:133.17,145.4 3 1
github.com/praetorian-inc/vespasian/pkg/js/parser.go:150.2,152.31 3 1
github.com/praetorian-inc/vespasian/pkg/js/parser.go:152.31,155.20 2 1
github.com/praetorian-inc/vespasian/pkg/js/parser.go:155.20,156.12 1 1
github.com/praetorian-inc/vespasian/pkg/js/parser.go:158.3,159.17 2 1
github.com/praetorian-inc/vespasian/pkg/js/parser.go:159.17,170.4 2 1
github.com/praetorian-inc/vespasian/pkg/js/parser.go:175.2,175.36 1 1
github.com/praetorian-inc/vespasian/pkg/js/parser.go:175.36,176.41 1 1
github.com/praetorian-inc/vespasian/pkg/js/parser.go:176.41,177.39 1 1
github.com/praetorian-inc/vespasian/pkg/js/parser.go:177.39,179.5 1 1
github.com/praetorian-inc/vespasian/pkg/js/parser.go:184.2,185.28 2 1
github.com/praetorian-inc/vespasian/pkg/js/parser.go:185.28,187.3 1 1
github.com/praetorian-inc/vespasian/pkg/js/parser.go:189.2,189.18 1 1
github.com/praetorian-inc/vespasian/pkg/js/probe.go:16.30,20.2 1 1
github.com/praetorian-inc/vespasian/pkg/js/probe.go:23.75,26.14 2 1
github.com/praetorian-inc/vespasian/pkg/js/probe.go:26.14,28.38 1 1
github.com/praetorian-inc/vespasian/pkg/js/probe.go:28.38,30.4 1 0
github.com/praetorian-inc/vespasian/pkg/js/probe.go:31.8,31.41 1 1
github.com/praetorian-inc/vespasian/pkg/js/probe.go:31.41,33.3 1 1
github.com/praetorian-inc/vespasian/pkg/js/probe.go:36.2,37.16 2 1
github.com/praetorian-inc/vespasian/pkg/js/probe.go:37.16,39.3 1 0
github.com/praetorian-inc/vespasian/pkg/js/probe.go:41.2,48.31 4 1
github.com/praetorian-inc/vespasian/pkg/js/probe.go:48.31,50.3 1 1
github.com/praetorian-inc/vespasian/pkg/js/probe.go:52.2,52.18 1 1
github.com/praetorian-inc/vespasian/pkg/js/probe.go:55.46,58.2 1 1
github.com/praetorian-inc/vespasian/pkg/js/probe.go:60.32,62.2 1 1
github.com/praetorian-inc/vespasian/pkg/spec/openapi/detector.go:17.49,19.2 1 1
github.com/praetorian-inc/vespasian/pkg/spec/openapi/detector.go:36.72,40.16 3 1
github.com/praetorian-inc/vespasian/pkg/spec/openapi/detector.go:40.16,42.3 1 0
github.com/praetorian-inc/vespasian/pkg/spec/openapi/detector.go:44.2,44.35 1 1
github.com/praetorian-inc/vespasian/pkg/spec/openapi/detector.go:44.35,48.17 3 1
github.com/praetorian-inc/vespasian/pkg/spec/openapi/detector.go:48.17,49.12 1 0
github.com/praetorian-inc/vespasian/pkg/spec/openapi/detector.go:52.3,53.17 2 1
github.com/praetorian-inc/vespasian/pkg/spec/openapi/detector.go:53.17,54.12 1 0
github.com/praetorian-inc/vespasian/pkg/spec/openapi/detector.go:57.3,57.39 1 1
github.com/praetorian-inc/vespasian/pkg/spec/openapi/detector.go:57.39,61.45 3 1
github.com/praetorian-inc/vespasian/pkg/spec/openapi/detector.go:61.45,63.5 1 1
github.com/praetorian-inc/vespasian/pkg/spec/openapi/detector.go:64.9,66.4 1 1
github.com/praetorian-inc/vespasian/pkg/spec/openapi/detector.go:69.2,69.23 1 1
github.com/praetorian-inc/vespasian/pkg/spec/openapi/detector.go:73.57,75.55 2 1
github.com/praetorian-inc/vespasian/pkg/spec/openapi/detector.go:75.55,77.3 1 1
github.com/praetorian-inc/vespasian/pkg/spec/openapi/detector.go:80.2,80.34 1 1
github.com/praetorian-inc/vespasian/pkg/spec/openapi/detector.go:80.34,82.3 1 1
github.com/praetorian-inc/vespasian/pkg/spec/openapi/detector.go:85.2,85.34 1 1
github.com/praetorian-inc/vespasian/pkg/spec/openapi/detector.go:85.34,87.3 1 1
github.com/praetorian-inc/vespasian/pkg/spec/openapi/detector.go:89.2,89.14 1 1
github.com/praetorian-inc/vespasian/pkg/spec/openapi/parser.go:29.26,31.2 1 1
github.com/praetorian-inc/vespasian/pkg/spec/openapi/parser.go:34.64,39.16 4 1
github.com/praetorian-inc/vespasian/pkg/spec/openapi/parser.go:39.16,41.3 1 0
github.com/praetorian-inc/vespasian/pkg/spec/openapi/parser.go:46.2,46.37 1 1
github.com/praetorian-inc/vespasian/pkg/spec/openapi/parser.go:50.66,53.22 2 1
github.com/praetorian-inc/vespasian/pkg/spec/openapi/parser.go:53.22,55.3 1 0
github.com/praetorian-inc/vespasian/pkg/spec/openapi/parser.go:57.2,57.46 1 1
github.com/praetorian-inc/vespasian/pkg/spec/openapi/parser.go:57.46,58.22 1 1
github.com/praetorian-inc/vespasian/pkg/spec/openapi/parser.go:58.22,59.12 1 0
github.com/praetorian-inc/vespasian/pkg/spec/openapi/parser.go:63.3,73.42 2 1
github.com/praetorian-inc/vespasian/pkg/spec/openapi/parser.go:73.42,74.24 1 1
github.com/praetorian-inc/vespasian/pkg/spec/openapi/parser.go:74.24,75.13 1 1
github.com/praetorian-inc/vespasian/pkg/spec/openapi/parser.go:78.4,86.43 3 1
github.com/praetorian-inc/vespasian/pkg/spec/openapi/parser.go:90.2,90.18 1 1
github.com/praetorian-inc/vespasian/pkg/spec/openapi/parser.go:94.108,98.47 2 1
github.com/praetorian-inc/vespasian/pkg/spec/openapi/parser.go:98.47,99.47 1 0
github.com/praetorian-inc/vespasian/pkg/spec/openapi/parser.go:99.47,100.12 1 0
github.com/praetorian-inc/vespasian/pkg/spec/openapi/parser.go:102.3,102.62 1 0
github.com/praetorian-inc/vespasian/pkg/spec/openapi/parser.go:106.2,106.48 1 1
github.com/praetorian-inc/vespasian/pkg/spec/openapi/parser.go:106.48,107.47 1 1
github.com/praetorian-inc/vespasian/pkg/spec/openapi/parser.go:107.47,108.12 1 0
github.com/praetorian-inc/vespasian/pkg/spec/openapi/parser.go:110.3,110.62 1 1
github.com/praetorian-inc/vespasian/pkg/spec/openapi/parser.go:113.2,113.15 1 1
github.com/praetorian-inc/vespasian/pkg/spec/openapi/parser.go:117.72,119.54 2 1
github.com/praetorian-inc/vespasian/pkg/spec/openapi/parser.go:119.54,121.3 1 1
github.com/praetorian-inc/vespasian/pkg/spec/openapi/parser.go:123.2,128.3 1 1
github.com/praetorian-inc/vespasian/pkg/spec/openapi/parser.go:132.56,134.31 2 0
github.com/praetorian-inc/vespasian/pkg/spec/openapi/parser.go:134.31,136.3 1 0
github.com/praetorian-inc/vespasian/pkg/spec/openapi/parser.go:137.2,137.18 1 0
github.com/praetorian-inc/vespasian/pkg/spec/openapi/parser.go:141.42,142.51 1 0
github.com/praetorian-inc/vespasian/pkg/spec/openapi/parser.go:142.51,145.49 2 0
github.com/praetorian-inc/vespasian/pkg/spec/openapi/parser.go:145.49,147.49 2 0
github.com/praetorian-inc/vespasian/pkg/spec/openapi/parser.go:147.49,149.5 1 0
github.com/praetorian-inc/vespasian/pkg/spec/openapi/parser.go:152.2,152.12 1 0
github.com/praetorian-inc/vespasian/pkg/spec/openapi/probe.go:13.13,14.86 1 1
github.com/praetorian-inc/vespasian/pkg/spec/openapi/probe.go:14.86,18.48 2 0
github.com/praetorian-inc/vespasian/pkg/spec/openapi/probe.go:18.48,20.4 1 0
github.com/praetorian-inc/vespasian/pkg/spec/openapi/probe.go:22.3,22.38 1 0
github.com/praetorian-inc/vespasian/pkg/spec/openapi/probe.go:33.57,38.2 1 1
github.com/praetorian-inc/vespasian/pkg/spec/openapi/probe.go:41.38,43.2 1 1
github.com/praetorian-inc/vespasian/pkg/spec/openapi/probe.go:46.56,48.2 1 1
github.com/praetorian-inc/vespasian/pkg/spec/openapi/probe.go:51.39,53.2 1 1
github.com/praetorian-inc/vespasian/pkg/spec/openapi/probe.go:56.59,58.21 1 1
github.com/praetorian-inc/vespasian/pkg/spec/openapi/probe.go:59.39,60.14 1 1
github.com/praetorian-inc/vespasian/pkg/spec/openapi/probe.go:61.10,62.15 1 1
github.com/praetorian-inc/vespasian/pkg/spec/openapi/probe.go:67.126,70.16 2 1
github.com/praetorian-inc/vespasian/pkg/spec/openapi/probe.go:70.16,76.3 1 0
github.com/praetorian-inc/vespasian/pkg/spec/openapi/probe.go:79.2,80.16 2 1
github.com/praetorian-inc/vespasian/pkg/spec/openapi/probe.go:80.16,86.3 1 0
github.com/praetorian-inc/vespasian/pkg/spec/openapi/probe.go:88.2,88.25 1 1
github.com/praetorian-inc/vespasian/pkg/spec/openapi/probe.go:88.25,94.3 1 0
github.com/praetorian-inc/vespasian/pkg/spec/openapi/probe.go:98.2,101.16 3 1
github.com/praetorian-inc/vespasian/pkg/spec/openapi/probe.go:101.16,107.3 1 0
github.com/praetorian-inc/vespasian/pkg/spec/openapi/probe.go:108.2,112.38 3 1
github.com/praetorian-inc/vespasian/pkg/spec/openapi/probe.go:112.38,115.41 3 1
github.com/praetorian-inc/vespasian/pkg/spec/openapi/probe.go:115.41,121.4 1 0
github.com/praetorian-inc/vespasian/pkg/spec/openapi/probe.go:125.2,126.16 2 1
github.com/praetorian-inc/vespasian/pkg/spec/openapi/probe.go:126.16,132.3 1 0
github.com/praetorian-inc/vespasian/pkg/spec/openapi/probe.go:135.2,136.34 2 1
github.com/praetorian-inc/vespasian/pkg/spec/openapi/probe.go:136.34,141.3 1 1
github.com/praetorian-inc/vespasian/pkg/spec/openapi/probe.go:143.2,147.8 1 1
github.com/praetorian-inc/vespasian/pkg/spec/openapi/probe.go:151.57,153.55 1 1
github.com/praetorian-inc/vespasian/pkg/spec/openapi/probe.go:153.55,154.58 1 1
github.com/praetorian-inc/vespasian/pkg/spec/openapi/probe.go:154.58,156.4 1 1
github.com/praetorian-inc/vespasian/pkg/spec/openapi/probe.go:159.2,160.47 2 0
github.com/praetorian-inc/vespasian/pkg/spec/openapi/probe.go:160.47,162.3 1 0
github.com/praetorian-inc/vespasian/pkg/spec/openapi/probe.go:164.2,164.73 1 0
github.com/praetorian-inc/vespasian/pkg/spec/graphql/detector.go:18.49,20.2 1 1
github.com/praetorian-inc/vespasian/pkg/spec/graphql/detector.go:37.68,41.16 3 1
github.com/praetorian-inc/vespasian/pkg/spec/graphql/detector.go:41.16,43.3 1 0
github.com/praetorian-inc/vespasian/pkg/spec/graphql/detector.go:45.2,45.35 1 1
github.com/praetorian-inc/vespasian/pkg/spec/graphql/detector.go:45.35,49.35 2 1
github.com/praetorian-inc/vespasian/pkg/spec/graphql/detector.go:49.35,51.4 1 1
github.com/praetorian-inc/vespasian/pkg/spec/graphql/detector.go:54.2,54.23 1 1
github.com/praetorian-inc/vespasian/pkg/spec/graphql/detector.go:58.55,60.16 2 1
github.com/praetorian-inc/vespasian/pkg/spec/graphql/detector.go:60.16,62.3 1 0
github.com/praetorian-inc/vespasian/pkg/spec/graphql/detector.go:64.2,67.16 3 1
github.com/praetorian-inc/vespasian/pkg/spec/graphql/detector.go:67.16,69.3 1 0
github.com/praetorian-inc/vespasian/pkg/spec/graphql/detector.go:70.2,72.38 2 1
github.com/praetorian-inc/vespasian/pkg/spec/graphql/detector.go:72.38,74.3 1 1
github.com/praetorian-inc/vespasian/pkg/spec/graphql/detector.go:76.2,77.16 2 1
github.com/praetorian-inc/vespasian/pkg/spec/graphql/detector.go:77.16,79.3 1 0
github.com/praetorian-inc/vespasian/pkg/spec/graphql/detector.go:81.2,81.34 1 1
github.com/praetorian-inc/vespasian/pkg/spec/graphql/detector.go:85.56,87.56 2 1
github.com/praetorian-inc/vespasian/pkg/spec/graphql/detector.go:87.56,89.3 1 1
github.com/praetorian-inc/vespasian/pkg/spec/graphql/detector.go:92.2,92.63 1 1
github.com/praetorian-inc/vespasian/pkg/spec/graphql/detector.go:92.63,93.36 1 1
github.com/praetorian-inc/vespasian/pkg/spec/graphql/detector.go:93.36,95.4 1 1
github.com/praetorian-inc/vespasian/pkg/spec/graphql/detector.go:99.2,99.77 1 1
github.com/praetorian-inc/vespasian/pkg/spec/graphql/detector.go:99.77,101.3 1 1
github.com/praetorian-inc/vespasian/pkg/spec/graphql/detector.go:103.2,103.14 1 1
github.com/praetorian-inc/vespasian/pkg/spec/graphql/parser.go:31.26,33.2 1 1
github.com/praetorian-inc/vespasian/pkg/spec/graphql/parser.go:36.73,38.56 2 1
github.com/praetorian-inc/vespasian/pkg/spec/graphql/parser.go:38.56,40.3 1 0
github.com/praetorian-inc/vespasian/pkg/spec/graphql/parser.go:42.2,42.55 1 1
github.com/praetorian-inc/vespasian/pkg/spec/graphql/parser.go:46.65,50.29 2 1
github.com/praetorian-inc/vespasian/pkg/spec/graphql/parser.go:50.29,52.23 2 1
github.com/praetorian-inc/vespasian/pkg/spec/graphql/parser.go:52.23,53.43 1 1
github.com/praetorian-inc/vespasian/pkg/spec/graphql/parser.go:53.43,59.5 1 1
github.com/praetorian-inc/vespasian/pkg/spec/graphql/parser.go:64.2,64.32 1 1
github.com/praetorian-inc/vespasian/pkg/spec/graphql/parser.go:64.32,66.26 2 1
github.com/praetorian-inc/vespasian/pkg/spec/graphql/parser.go:66.26,67.46 1 1
github.com/praetorian-inc/vespasian/pkg/spec/graphql/parser.go:67.46,73.5 1 1
github.com/praetorian-inc/vespasian/pkg/spec/graphql/parser.go:77.2,77.18 1 1
github.com/praetorian-inc/vespasian/pkg/spec/graphql/parser.go:81.62,82.33 1 1
github.com/praetorian-inc/vespasian/pkg/spec/graphql/parser.go:82.33,83.21 1 1
github.com/praetorian-inc/vespasian/pkg/spec/graphql/parser.go:83.21,85.4 1 1
github.com/praetorian-inc/vespasian/pkg/spec/graphql/parser.go:87.2,87.12 1 0
github.com/praetorian-inc/vespasian/pkg/spec/graphql/parser.go:91.54,97.33 2 1
github.com/praetorian-inc/vespasian/pkg/spec/graphql/parser.go:97.33,102.3 1 1
github.com/praetorian-inc/vespasian/pkg/spec/graphql/parser.go:104.2,104.10 1 1
github.com/praetorian-inc/vespasian/pkg/spec/graphql/parser.go:108.54,109.24 1 1
github.com/praetorian-inc/vespasian/pkg/spec/graphql/parser.go:109.24,111.3 1 1
github.com/praetorian-inc/vespasian/pkg/spec/graphql/parser.go:112.2,112.27 1 1
github.com/praetorian-inc/vespasian/pkg/spec/graphql/parser.go:112.27,114.3 1 1
github.com/praetorian-inc/vespasian/pkg/spec/graphql/parser.go:115.2,115.18 1 0
github.com/praetorian-inc/vespasian/pkg/spec/graphql/probe.go:15.13,16.86 1 1
github.com/praetorian-inc/vespasian/pkg/spec/graphql/probe.go:16.86,20.48 2 0
github.com/praetorian-inc/vespasian/pkg/spec/graphql/probe.go:20.48,22.4 1 0
github.com/praetorian-inc/vespasian/pkg/spec/graphql/probe.go:24.3,24.38 1 0
github.com/praetorian-inc/vespasian/pkg/spec/graphql/probe.go:36.57,42.2 1 1
github.com/praetorian-inc/vespasian/pkg/spec/graphql/probe.go:45.38,47.2 1 1
github.com/praetorian-inc/vespasian/pkg/spec/graphql/probe.go:50.56,52.2 1 1
github.com/praetorian-inc/vespasian/pkg/spec/graphql/probe.go:55.39,57.2 1 1
github.com/praetorian-inc/vespasian/pkg/spec/graphql/probe.go:60.59,62.21 1 1
github.com/praetorian-inc/vespasian/pkg/spec/graphql/probe.go:63.45,64.14 1 1
github.com/praetorian-inc/vespasian/pkg/spec/graphql/probe.go:65.10,66.15 1 1
github.com/praetorian-inc/vespasian/pkg/spec/graphql/probe.go:71.126,74.16 2 1
github.com/praetorian-inc/vespasian/pkg/spec/graphql/probe.go:74.16,80.3 1 0
github.com/praetorian-inc/vespasian/pkg/spec/graphql/probe.go:83.2,84.16 2 1
github.com/praetorian-inc/vespasian/pkg/spec/graphql/probe.go:84.16,90.3 1 0
github.com/praetorian-inc/vespasian/pkg/spec/graphql/probe.go:92.2,92.25 1 1
github.com/praetorian-inc/vespasian/pkg/spec/graphql/probe.go:92.25,98.3 1 0
github.com/praetorian-inc/vespasian/pkg/spec/graphql/probe.go:101.2,108.16 4 1
github.com/praetorian-inc/vespasian/pkg/spec/graphql/probe.go:108.16,114.3 1 0
github.com/praetorian-inc/vespasian/pkg/spec/graphql/probe.go:116.2,119.16 3 1
github.com/praetorian-inc/vespasian/pkg/spec/graphql/probe.go:119.16,125.3 1 0
github.com/praetorian-inc/vespasian/pkg/spec/graphql/probe.go:126.2,128.38 2 1
github.com/praetorian-inc/vespasian/pkg/spec/graphql/probe.go:128.38,134.3 1 0
github.com/praetorian-inc/vespasian/pkg/spec/graphql/probe.go:136.2,137.16 2 1
github.com/praetorian-inc/vespasian/pkg/spec/graphql/probe.go:137.16,143.3 1 0
github.com/praetorian-inc/vespasian/pkg/spec/graphql/probe.go:146.2,147.16 2 1
github.com/praetorian-inc/vespasian/pkg/spec/graphql/probe.go:147.16,153.3 1 0
github.com/praetorian-inc/vespasian/pkg/spec/graphql/probe.go:157.2,158.34 2 1
github.com/praetorian-inc/vespasian/pkg/spec/graphql/probe.go:158.34,164.3 1 1
github.com/praetorian-inc/vespasian/pkg/spec/graphql/probe.go:166.2,170.8 1 1
github.com/praetorian-inc/vespasian/pkg/spec/graphql/probe.go:174.57,176.55 1 1
github.com/praetorian-inc/vespasian/pkg/spec/graphql/probe.go:176.55,177.58 1 1
github.com/praetorian-inc/vespasian/pkg/spec/graphql/probe.go:177.58,179.4 1 1
github.com/praetorian-inc/vespasian/pkg/spec/graphql/probe.go:182.2,183.47 2 0
github.com/praetorian-inc/vespasian/pkg/spec/graphql/probe.go:183.47,185.3 1 0
github.com/praetorian-inc/vespasian/pkg/spec/graphql/probe.go:187.2,187.73 1 0
github.com/praetorian-inc/vespasian/cmd/vespasian/main.go:34.31,36.24 2 0
github.com/praetorian-inc/vespasian/cmd/vespasian/main.go:36.24,38.3 1 0
github.com/praetorian-inc/vespasian/cmd/vespasian/main.go:39.2,39.12 1 0
github.com/praetorian-inc/vespasian/cmd/vespasian/main.go:46.31,48.46 2 0
github.com/praetorian-inc/vespasian/cmd/vespasian/main.go:48.46,50.3 1 0
github.com/praetorian-inc/vespasian/cmd/vespasian/main.go:51.2,51.12 1 0
github.com/praetorian-inc/vespasian/cmd/vespasian/main.go:58.34,61.2 2 0
github.com/praetorian-inc/vespasian/cmd/vespasian/main.go:63.13,72.16 4 0
github.com/praetorian-inc/vespasian/cmd/vespasian/main.go:72.16,75.3 2 0
