mode: set
github.com/praetorian-inc/vespasian/pkg/crawler/crawler.go:26.49,37.2 1 1
github.com/praetorian-inc/vespasian/pkg/crawler/crawler.go:40.95,48.59 3 1
github.com/praetorian-inc/vespasian/pkg/crawler/crawler.go:48.59,55.29 4 1
github.com/praetorian-inc/vespasian/pkg/crawler/crawler.go:55.29,57.12 2 0
github.com/praetorian-inc/vespasian/pkg/crawler/crawler.go:59.3,63.41 3 1
github.com/praetorian-inc/vespasian/pkg/crawler/crawler.go:63.41,64.12 1 1
github.com/praetorian-inc/vespasian/pkg/crawler/crawler.go:68.3,68.23 1 1
github.com/praetorian-inc/vespasian/pkg/crawler/crawler.go:68.23,70.4 1 0
github.com/praetorian-inc/vespasian/pkg/crawler/crawler.go:73.3,74.17 2 1
github.com/praetorian-inc/vespasian/pkg/crawler/crawler.go:74.17,75.12 1 0
github.com/praetorian-inc/vespasian/pkg/crawler/crawler.go:79.3,83.17 3 1
github.com/praetorian-inc/vespasian/pkg/crawler/crawler.go:83.17,84.12 1 0
github.com/praetorian-inc/vespasian/pkg/crawler/crawler.go:88.3,88.30 1 1
github.com/praetorian-inc/vespasian/pkg/crawler/crawler.go:88.30,89.27 1 1
github.com/praetorian-inc/vespasian/pkg/crawler/crawler.go:89.27,91.25 2 1
github.com/praetorian-inc/vespasian/pkg/crawler/crawler.go:91.25,96.6 1 1
github.com/praetorian-inc/vespasian/pkg/crawler/crawler.go:97.5,97.18 1 1
github.com/praetorian-inc/vespasian/pkg/crawler/crawler.go:102.2,102.23 1 1
github.com/praetorian-inc/vespasian/pkg/crawler/crawler.go:106.46,110.2 3 0
github.com/praetorian-inc/vespasian/pkg/crawler/crawler.go:113.38,117.2 3 0
github.com/praetorian-inc/vespasian/pkg/crawler/parser.go:15.26,17.2 1 1
github.com/praetorian-inc/vespasian/pkg/crawler/parser.go:20.78,22.16 2 1
github.com/praetorian-inc/vespasian/pkg/crawler/parser.go:22.16,24.3 1 0
github.com/praetorian-inc/vespasian/pkg/crawler/parser.go:26.2,27.16 2 1
github.com/praetorian-inc/vespasian/pkg/crawler/parser.go:27.16,29.3 1 0
github.com/praetorian-inc/vespasian/pkg/crawler/parser.go:31.2,35.35 4 1
github.com/praetorian-inc/vespasian/pkg/crawler/parser.go:35.35,36.33 1 1
github.com/praetorian-inc/vespasian/pkg/crawler/parser.go:36.33,39.18 2 1
github.com/praetorian-inc/vespasian/pkg/crawler/parser.go:40.13,41.30 1 1
github.com/praetorian-inc/vespasian/pkg/crawler/parser.go:42.25,43.29 1 1
github.com/praetorian-inc/vespasian/pkg/crawler/parser.go:44.16,45.32 1 1
github.com/praetorian-inc/vespasian/pkg/crawler/parser.go:48.4,48.66 1 1
github.com/praetorian-inc/vespasian/pkg/crawler/parser.go:48.66,51.38 2 1
github.com/praetorian-inc/vespasian/pkg/crawler/parser.go:51.38,54.6 2 1
github.com/praetorian-inc/vespasian/pkg/crawler/parser.go:58.3,58.54 1 1
github.com/praetorian-inc/vespasian/pkg/crawler/parser.go:58.54,60.4 1 1
github.com/praetorian-inc/vespasian/pkg/crawler/parser.go:63.2,64.19 2 1
github.com/praetorian-inc/vespasian/pkg/crawler/parser.go:68.47,69.30 1 1
github.com/praetorian-inc/vespasian/pkg/crawler/parser.go:69.30,70.22 1 1
github.com/praetorian-inc/vespasian/pkg/crawler/parser.go:70.22,72.4 1 1
github.com/praetorian-inc/vespasian/pkg/crawler/parser.go:74.2,74.11 1 0
github.com/praetorian-inc/vespasian/pkg/crawler/parser.go:78.61,79.16 1 1
github.com/praetorian-inc/vespasian/pkg/crawler/parser.go:79.16,81.3 1 0
github.com/praetorian-inc/vespasian/pkg/crawler/parser.go:83.2,84.16 2 1
github.com/praetorian-inc/vespasian/pkg/crawler/parser.go:84.16,86.3 1 1
github.com/praetorian-inc/vespasian/pkg/crawler/parser.go:89.2,92.31 3 1
github.com/praetorian-inc/vespasian/pkg/crawler/probe.go:12.13,13.86 1 1
github.com/praetorian-inc/vespasian/pkg/crawler/probe.go:13.86,17.42 3 0
github.com/praetorian-inc/vespasian/pkg/crawler/probe.go:17.42,19.4 1 0
github.com/praetorian-inc/vespasian/pkg/crawler/probe.go:20.3,20.42 1 0
github.com/praetorian-inc/vespasian/pkg/crawler/probe.go:20.42,22.4 1 0
github.com/praetorian-inc/vespasian/pkg/crawler/probe.go:24.3,27.10 1 0
github.com/praetorian-inc/vespasian/pkg/crawler/probe.go:38.59,43.2 1 1
github.com/praetorian-inc/vespasian/pkg/crawler/probe.go:46.38,48.2 1 1
github.com/praetorian-inc/vespasian/pkg/crawler/probe.go:51.56,53.2 1 1
github.com/praetorian-inc/vespasian/pkg/crawler/probe.go:56.39,58.2 1 1
github.com/praetorian-inc/vespasian/pkg/crawler/probe.go:61.59,63.21 1 1
github.com/praetorian-inc/vespasian/pkg/crawler/probe.go:64.27,65.14 1 1
github.com/praetorian-inc/vespasian/pkg/crawler/probe.go:66.10,67.15 1 1
github.com/praetorian-inc/vespasian/pkg/crawler/probe.go:72.126,75.16 2 1
github.com/praetorian-inc/vespasian/pkg/crawler/probe.go:75.16,81.3 1 0
github.com/praetorian-inc/vespasian/pkg/crawler/probe.go:84.2,85.16 2 1
github.com/praetorian-inc/vespasian/pkg/crawler/probe.go:85.16,91.3 1 0
github.com/praetorian-inc/vespasian/pkg/crawler/probe.go:94.2,95.16 2 1
github.com/praetorian-inc/vespasian/pkg/crawler/probe.go:95.16,101.3 1 0
github.com/praetorian-inc/vespasian/pkg/crawler/probe.go:104.2,105.25 2 1
github.com/praetorian-inc/vespasian/pkg/crawler/probe.go:105.25,107.17 2 1
github.com/praetorian-inc/vespasian/pkg/crawler/probe.go:107.17,108.12 1 0
github.com/praetorian-inc/vespasian/pkg/crawler/probe.go:110.3,113.5 1 1
github.com/praetorian-inc/vespasian/pkg/crawler/probe.go:116.2,120.8 1 1
github.com/praetorian-inc/vespasian/pkg/crawler/probe.go:124.57,126.167 1 1
github.com/praetorian-inc/vespasian/pkg/crawler/probe.go:126.167,128.3 1 1
github.com/praetorian-inc/vespasian/pkg/crawler/probe.go:130.2,131.47 2 0
github.com/praetorian-inc/vespasian/pkg/crawler/probe.go:131.47,133.3 1 0
github.com/praetorian-inc/vespasian/pkg/crawler/probe.go:135.2,135.57 1 0
github.com/praetorian-inc/vespasian/pkg/crawler/scope.go:14.47,16.16 2 1
github.com/praetorian-inc/vespasian/pkg/crawler/scope.go:16.16,18.3 1 0
github.com/praetorian-inc/vespasian/pkg/crawler/scope.go:20.2,22.8 1 1
github.com/praetorian-inc/vespasian/pkg/crawler/scope.go:26.48,28.16 2 1
github.com/praetorian-inc/vespasian/pkg/crawler/scope.go:28.16,30.3 1 0
github.com/praetorian-inc/vespasian/pkg/crawler/scope.go:33.2,33.39 1 1
github.com/praetorian-inc/vespasian/pkg/crawler/scope.go:33.39,35.3 1 0
github.com/praetorian-inc/vespasian/pkg/crawler/scope.go:38.2,38.35 1 1
github.com/praetorian-inc/vespasian/pkg/crawler/scope.go:38.35,40.3 1 0
github.com/praetorian-inc/vespasian/pkg/crawler/scope.go:43.2,43.53 1 1
github.com/praetorian-inc/vespasian/pkg/crawler/scope.go:43.53,45.3 1 0
github.com/praetorian-inc/vespasian/pkg/crawler/scope.go:47.2,47.13 1 1
